{
  "0 debug pnpm:scope": {
    "selected": 8,
    "total": 8,
    "workspacePrefix": "/Users/a.malyuta/projects/ffw"
  },
  "1 debug pnpm:package-manifest": {
    "initial": {
      "name": "ffw-repository",
      "version": "1.0.12",
      "description": "",
      "scripts": {
        "test2": "rollup -c ./relax.config.mjs",
        "format": "prettier --write .",
        "typecheck": "tsc --noEmit -p tsconfig.json",
        "types": "tsc -p tsconfig-declaration.json",
        "test": "jest",
        "pub": "npm run test && npm run typecheck && npm run types && npm run format && npm run build && npm version patch && npm publish"
      },
      "type": "module",
      "main": "./dist/cjs/index.js",
      "module": "dist/esm/prod.js",
      "types": "./dist/types/index.d.ts",
      "author": "",
      "license": "MIT",
      "files": [
        "dist/**/*"
      ],
      "publishConfig": {
        "access": "public"
      },
      "peerDependencies": {
        "react": ">=17.0.0",
        "react-dom": ">=17.0.0"
      },
      "devDependencies": {
        "@babel/core": "^7.15.8",
        "@babel/preset-env": "^7.15.8",
        "@babel/preset-react": "^7.16.0",
        "@babel/preset-typescript": "^7.15.0",
        "@jest/globals": "^27.2.5",
        "@rollup/plugin-node-resolve": "^13.1.3",
        "@rollup/plugin-typescript": "^8.3.0",
        "@testing-library/react": "^12.1.2",
        "@types/jest": "^27.0.2",
        "@types/react": "^17.0.30",
        "@types/react-dom": "^17.0.9",
        "babel-jest": "^27.3.0",
        "jest": "^27.2.5",
        "prettier": "2.4.1",
        "react": "^17.0.2",
        "react-dom": "^17.0.2",
        "rollup": "^2.58.3",
        "rollup-plugin-copy": "^3.4.0",
        "rollup-plugin-terser": "^7.0.2",
        "tslib": "^2.3.1",
        "typescript": "^4.4.4"
      },
      "dependencies": {
        "mobx": "^6.3.9"
      }
    },
    "prefix": "/Users/a.malyuta/projects/ffw"
  },
  "2 debug pnpm:package-manifest": {
    "initial": {
      "name": "with-react",
      "private": true,
      "scripts": {
        "dev": "next dev",
        "build": "next build",
        "start": "next start",
        "lint": "next lint"
      },
      "dependencies": {
        "next": "12.0.7",
        "react-dom": "17.0.2",
        "ffw": "file:../../packages/ffw/dist/esm/dev.js"
      },
      "devDependencies": {
        "@types/node": "17.0.8",
        "@types/react": "17.0.38",
        "typescript": "4.5.4"
      }
    },
    "prefix": "/Users/a.malyuta/projects/ffw/examples/with-react"
  },
  "3 debug pnpm:package-manifest": {
    "initial": {
      "name": "ffw-base",
      "version": "1.0.12",
      "description": "",
      "type": "module",
      "main": "./dist/cjs/index.js",
      "module": "dist/esm/prod.js",
      "types": "./dist/types/index.d.ts",
      "files": [
        "dist/**/*"
      ],
      "scripts": {
        "build2": "rollup -c ./relax.config.mjs",
        "build": "rollup -c rollup.config.js",
        "test": "echo \"Error: no test specified\""
      },
      "author": "",
      "license": "MIT",
      "dependencies": {
        "mitt": "^3.0.0"
      }
    },
    "prefix": "/Users/a.malyuta/projects/ffw/packages/ffw-base"
  },
  "4 debug pnpm:package-manifest": {
    "initial": {
      "type": "commonjs"
    },
    "prefix": "/Users/a.malyuta/projects/ffw/packages/ffw-base/dist/cjs"
  },
  "5 debug pnpm:package-manifest": {
    "initial": {
      "type": "commonjs"
    },
    "prefix": "/Users/a.malyuta/projects/ffw/packages/ffw-s/dist/cjs"
  },
  "6 debug pnpm:package-manifest": {
    "initial": {
      "type": "commonjs"
    },
    "prefix": "/Users/a.malyuta/projects/ffw/packages/ffw/dist/cjs"
  },
  "7 debug pnpm:package-manifest": {
    "initial": {
      "name": "ffw",
      "version": "1.0.16",
      "description": "",
      "type": "module",
      "main": "./dist/cjs/index.js",
      "module": "dist/esm/prod.js",
      "types": "./dist/types/index.d.ts",
      "files": [
        "dist/**/*"
      ],
      "scripts": {
        "build": "rollup -c rollup.config.js",
        "test": "echo \"Error: no test specified\""
      },
      "dependencies": {
        "ffw-base": "workspace:*"
      },
      "author": "",
      "license": "ISC"
    },
    "prefix": "/Users/a.malyuta/projects/ffw/packages/ffw"
  },
  "8 debug pnpm:package-manifest": {
    "initial": {
      "name": "ffw-s",
      "version": "1.0.0",
      "description": "",
      "type": "module",
      "main": "./dist/cjs/index.js",
      "module": "dist/esm/prod.js",
      "types": "./dist/types/index.d.ts",
      "files": [
        "dist/**/*"
      ],
      "scripts": {
        "test": "echo \"Error: no test specified\" && exit 1"
      },
      "dependencies": {
        "ffw-base": "workspace:*"
      },
      "peerDependencies": {
        "svelte": ">=3.0.0"
      },
      "devDependencies": {
        "svelte": ">=3.0.0"
      },
      "author": "",
      "license": "ISC"
    },
    "prefix": "/Users/a.malyuta/projects/ffw/packages/ffw-s"
  },
  "9 debug pnpm:context": {
    "currentLockfileExists": true,
    "storeDir": "/Users/a.malyuta/.pnpm-store/v3",
    "virtualStoreDir": "/Users/a.malyuta/projects/ffw/node_modules/.pnpm"
  },
  "10 debug pnpm:stage": {
    "prefix": "/Users/a.malyuta/projects/ffw",
    "stage": "resolution_started"
  },
  "11 debug pnpm:_dependency_resolved": {
    "resolution": "link:../ffw-base",
    "wanted": {
      "dependentId": "packages/ffw",
      "name": "ffw-base",
      "rawSpec": "workspace:*"
    }
  },
  "12 debug pnpm:_dependency_resolved": {
    "resolution": "link:../ffw-base",
    "wanted": {
      "dependentId": "packages/ffw-s",
      "name": "ffw-base",
      "rawSpec": "workspace:*"
    }
  },
  "13 debug pnpm:_dependency_resolved": {
    "resolution": "registry.npmjs.org/@babel/core/7.16.0",
    "wanted": {
      "dependentId": ".",
      "name": "@babel/core",
      "rawSpec": "^7.15.8"
    }
  },
  "14 debug pnpm:_dependency_resolved": {
    "resolution": "registry.npmjs.org/@babel/preset-env/7.16.4",
    "wanted": {
      "dependentId": ".",
      "name": "@babel/preset-env",
      "rawSpec": "^7.15.8"
    }
  },
  "15 debug pnpm:_dependency_resolved": {
    "resolution": "registry.npmjs.org/@babel/preset-react/7.16.0",
    "wanted": {
      "dependentId": ".",
      "name": "@babel/preset-react",
      "rawSpec": "^7.16.0"
    }
  },
  "16 debug pnpm:_dependency_resolved": {
    "resolution": "registry.npmjs.org/@babel/preset-typescript/7.16.0",
    "wanted": {
      "dependentId": ".",
      "name": "@babel/preset-typescript",
      "rawSpec": "^7.15.0"
    }
  },
  "17 debug pnpm:_dependency_resolved": {
    "resolution": "registry.npmjs.org/@jest/globals/27.4.2",
    "wanted": {
      "dependentId": ".",
      "name": "@jest/globals",
      "rawSpec": "^27.2.5"
    }
  },
  "18 debug pnpm:_dependency_resolved": {
    "resolution": "registry.npmjs.org/@rollup/plugin-node-resolve/13.1.3",
    "wanted": {
      "dependentId": ".",
      "name": "@rollup/plugin-node-resolve",
      "rawSpec": "^13.1.3"
    }
  },
  "19 debug pnpm:_dependency_resolved": {
    "resolution": "registry.npmjs.org/@rollup/plugin-typescript/8.3.0",
    "wanted": {
      "dependentId": ".",
      "name": "@rollup/plugin-typescript",
      "rawSpec": "^8.3.0"
    }
  },
  "20 debug pnpm:_dependency_resolved": {
    "resolution": "registry.npmjs.org/@testing-library/react/12.1.2",
    "wanted": {
      "dependentId": ".",
      "name": "@testing-library/react",
      "rawSpec": "^12.1.2"
    }
  },
  "21 debug pnpm:_dependency_resolved": {
    "resolution": "registry.npmjs.org/@types/jest/27.0.3",
    "wanted": {
      "dependentId": ".",
      "name": "@types/jest",
      "rawSpec": "^27.0.2"
    }
  },
  "22 debug pnpm:_dependency_resolved": {
    "resolution": "registry.npmjs.org/@types/react/17.0.37",
    "wanted": {
      "dependentId": ".",
      "name": "@types/react",
      "rawSpec": "^17.0.30"
    }
  },
  "23 debug pnpm:_dependency_resolved": {
    "resolution": "registry.npmjs.org/@types/react-dom/17.0.11",
    "wanted": {
      "dependentId": ".",
      "name": "@types/react-dom",
      "rawSpec": "^17.0.9"
    }
  },
  "24 debug pnpm:_dependency_resolved": {
    "resolution": "registry.npmjs.org/babel-jest/27.4.2",
    "wanted": {
      "dependentId": ".",
      "name": "babel-jest",
      "rawSpec": "^27.3.0"
    }
  },
  "25 debug pnpm:_dependency_resolved": {
    "resolution": "registry.npmjs.org/jest/27.4.2",
    "wanted": {
      "dependentId": ".",
      "name": "jest",
      "rawSpec": "^27.2.5"
    }
  },
  "26 debug pnpm:_dependency_resolved": {
    "resolution": "registry.npmjs.org/prettier/2.4.1",
    "wanted": {
      "dependentId": ".",
      "name": "prettier",
      "rawSpec": "2.4.1"
    }
  },
  "27 debug pnpm:_dependency_resolved": {
    "resolution": "registry.npmjs.org/react/17.0.2",
    "wanted": {
      "dependentId": ".",
      "name": "react",
      "rawSpec": "^17.0.2"
    }
  },
  "28 debug pnpm:_dependency_resolved": {
    "resolution": "registry.npmjs.org/react-dom/17.0.2",
    "wanted": {
      "dependentId": ".",
      "name": "react-dom",
      "rawSpec": "^17.0.2"
    }
  },
  "29 debug pnpm:_dependency_resolved": {
    "resolution": "registry.npmjs.org/rollup/2.60.2",
    "wanted": {
      "dependentId": ".",
      "name": "rollup",
      "rawSpec": "^2.58.3"
    }
  },
  "30 debug pnpm:_dependency_resolved": {
    "resolution": "registry.npmjs.org/rollup-plugin-copy/3.4.0",
    "wanted": {
      "dependentId": ".",
      "name": "rollup-plugin-copy",
      "rawSpec": "^3.4.0"
    }
  },
  "31 debug pnpm:_dependency_resolved": {
    "resolution": "registry.npmjs.org/rollup-plugin-terser/7.0.2",
    "wanted": {
      "dependentId": ".",
      "name": "rollup-plugin-terser",
      "rawSpec": "^7.0.2"
    }
  },
  "32 debug pnpm:_dependency_resolved": {
    "resolution": "registry.npmjs.org/tslib/2.3.1",
    "wanted": {
      "dependentId": ".",
      "name": "tslib",
      "rawSpec": "^2.3.1"
    }
  },
  "33 debug pnpm:_dependency_resolved": {
    "resolution": "registry.npmjs.org/typescript/4.5.2",
    "wanted": {
      "dependentId": ".",
      "name": "typescript",
      "rawSpec": "^4.4.4"
    }
  },
  "34 debug pnpm:_dependency_resolved": {
    "resolution": "registry.npmjs.org/mobx/6.3.9",
    "wanted": {
      "dependentId": ".",
      "name": "mobx",
      "rawSpec": "^6.3.9"
    }
  },
  "35 debug pnpm:_dependency_resolved": {
    "resolution": "registry.npmjs.org/svelte/3.44.3",
    "wanted": {
      "dependentId": "packages/ffw-s",
      "name": "svelte",
      "rawSpec": ">=3.0.0"
    }
  },
  "36 error pnpm": {
    "code": "ERR_PNPM_NOT_PACKAGE_DIRECTORY",
    "pkgsStack": [],
    "err": {
      "name": "pnpm",
      "message": "Could not install from \"/Users/a.malyuta/projects/ffw/packages/ffw/dist/esm/dev.js\" as it is not a directory.",
      "code": "ERR_PNPM_NOT_PACKAGE_DIRECTORY",
      "stack": "pnpm: Could not install from \"/Users/a.malyuta/projects/ffw/packages/ffw/dist/esm/dev.js\" as it is not a directory.\n    at resolveLocal (/snapshot/dist/pnpm.cjs)\n    at async Object.resolve (/snapshot/dist/pnpm.cjs)\n    at async run (/snapshot/dist/pnpm.cjs)"
    }
  }
}